<?xml version="1.0" encoding="UTF-8"?>
<testsuite name="com.eteration.simplebanking.ModelTest" tests="6" skipped="0" failures="0" errors="0" timestamp="2023-09-25T01:36:50" hostname="DESKTOP-GI52CMO" time="0.014">
  <properties/>
  <testcase name="testTransactions()" classname="com.eteration.simplebanking.ModelTest" time="0.002"/>
  <testcase name="testTransactionsWithPhoneBillPayment()" classname="com.eteration.simplebanking.ModelTest" time="0.001"/>
  <testcase name="testWithdrawFromBankAccount()" classname="com.eteration.simplebanking.ModelTest" time="0.001"/>
  <testcase name="testCreateAccountAndSetBalance0()" classname="com.eteration.simplebanking.ModelTest" time="0.001"/>
  <testcase name="testDepositIntoBankAccount()" classname="com.eteration.simplebanking.ModelTest" time="0.001"/>
  <testcase name="testWithdrawException()" classname="com.eteration.simplebanking.ModelTest" time="0.003"/>
  <system-out><![CDATA[]]></system-out>
  <system-err><![CDATA[]]></system-err>
</testsuite>
