<?xml version="1.0" encoding="UTF-8"?>
<testsuite name="com.eteration.simplebanking.ControllerTests" tests="4" skipped="0" failures="0" errors="0" timestamp="2023-09-25T01:36:45" hostname="DESKTOP-GI52CMO" time="0.21">
  <properties/>
  <testcase name="givenId_CreditAndThenDebit_thenReturnJson()" classname="com.eteration.simplebanking.ControllerTests" time="0.159"/>
  <testcase name="givenId_Credit_thenReturnJson()" classname="com.eteration.simplebanking.ControllerTests" time="0.013"/>
  <testcase name="givenId_CreditAndThenDebitMoreGetException_thenReturnJson()" classname="com.eteration.simplebanking.ControllerTests" time="0.017"/>
  <testcase name="givenId_GetAccount_thenReturnJson()" classname="com.eteration.simplebanking.ControllerTests" time="0.012"/>
  <system-out><![CDATA[04:36:25.821 [Test worker] DEBUG org.springframework.test.context.BootstrapUtils - Instantiating CacheAwareContextLoaderDelegate from class [org.springframework.test.context.cache.DefaultCacheAwareContextLoaderDelegate]
04:36:25.863 [Test worker] DEBUG org.springframework.test.context.BootstrapUtils - Instantiating BootstrapContext using constructor [public org.springframework.test.context.support.DefaultBootstrapContext(java.lang.Class,org.springframework.test.context.CacheAwareContextLoaderDelegate)]
04:36:25.993 [Test worker] DEBUG org.springframework.test.context.BootstrapUtils - Instantiating TestContextBootstrapper for test class [com.eteration.simplebanking.ControllerTests] from class [org.springframework.boot.test.context.SpringBootTestContextBootstrapper]
04:36:26.056 [Test worker] DEBUG org.springframework.test.context.support.AbstractContextLoader - Did not detect default resource location for test class [com.eteration.simplebanking.ControllerTests]: class path resource [com/eteration/simplebanking/ControllerTests-context.xml] does not exist
04:36:26.058 [Test worker] DEBUG org.springframework.test.context.support.AbstractContextLoader - Did not detect default resource location for test class [com.eteration.simplebanking.ControllerTests]: class path resource [com/eteration/simplebanking/ControllerTestsContext.groovy] does not exist
04:36:26.058 [Test worker] INFO org.springframework.test.context.support.AbstractContextLoader - Could not detect default resource locations for test class [com.eteration.simplebanking.ControllerTests]: no resource found for suffixes {-context.xml, Context.groovy}.
04:36:26.061 [Test worker] INFO org.springframework.test.context.support.AnnotationConfigContextLoaderUtils - Could not detect default configuration classes for test class [com.eteration.simplebanking.ControllerTests]: ControllerTests does not declare any static, non-private, non-final, nested classes annotated with @Configuration.
04:36:26.258 [Test worker] DEBUG org.springframework.test.context.support.ActiveProfilesUtils - Could not find an 'annotation declaring class' for annotation type [org.springframework.test.context.ActiveProfiles] and class [com.eteration.simplebanking.ControllerTests]
04:36:26.465 [Test worker] DEBUG org.springframework.context.annotation.ClassPathScanningCandidateComponentProvider - Identified candidate component class: file [C:\Users\Oguz Algan\Downloads\simplebanking\build\classes\java\main\com\eteration\simplebanking\DemoApplication.class]
04:36:26.468 [Test worker] INFO org.springframework.boot.test.context.SpringBootTestContextBootstrapper - Found @SpringBootConfiguration com.eteration.simplebanking.DemoApplication for test class com.eteration.simplebanking.ControllerTests
04:36:26.825 [Test worker] DEBUG org.springframework.boot.test.context.SpringBootTestContextBootstrapper - @TestExecutionListeners is not present for class [com.eteration.simplebanking.ControllerTests]: using defaults.
04:36:26.829 [Test worker] INFO org.springframework.boot.test.context.SpringBootTestContextBootstrapper - Loaded default TestExecutionListener class names from location [META-INF/spring.factories]: [org.springframework.boot.test.autoconfigure.restdocs.RestDocsTestExecutionListener, org.springframework.boot.test.autoconfigure.web.client.MockRestServiceServerResetTestExecutionListener, org.springframework.boot.test.autoconfigure.web.servlet.MockMvcPrintOnlyOnFailureTestExecutionListener, org.springframework.boot.test.autoconfigure.web.servlet.WebDriverTestExecutionListener, org.springframework.boot.test.autoconfigure.webservices.client.MockWebServiceServerTestExecutionListener, org.springframework.boot.test.mock.mockito.MockitoTestExecutionListener, org.springframework.boot.test.mock.mockito.ResetMocksTestExecutionListener, org.springframework.test.context.web.ServletTestExecutionListener, org.springframework.test.context.support.DirtiesContextBeforeModesTestExecutionListener, org.springframework.test.context.event.ApplicationEventsTestExecutionListener, org.springframework.test.context.support.DependencyInjectionTestExecutionListener, org.springframework.test.context.support.DirtiesContextTestExecutionListener, org.springframework.test.context.transaction.TransactionalTestExecutionListener, org.springframework.test.context.jdbc.SqlScriptsTestExecutionListener, org.springframework.test.context.event.EventPublishingTestExecutionListener]
04:36:26.893 [Test worker] INFO org.springframework.boot.test.context.SpringBootTestContextBootstrapper - Using TestExecutionListeners: [org.springframework.test.context.web.ServletTestExecutionListener@2b58f754, org.springframework.test.context.support.DirtiesContextBeforeModesTestExecutionListener@3ebff828, org.springframework.test.context.event.ApplicationEventsTestExecutionListener@2552f2cb, org.springframework.boot.test.mock.mockito.MockitoTestExecutionListener@33352f32, org.springframework.boot.test.autoconfigure.SpringBootDependencyInjectionTestExecutionListener@5f3b9c57, org.springframework.test.context.support.DirtiesContextTestExecutionListener@1e044120, org.springframework.test.context.transaction.TransactionalTestExecutionListener@2cf23c81, org.springframework.test.context.jdbc.SqlScriptsTestExecutionListener@3624da92, org.springframework.test.context.event.EventPublishingTestExecutionListener@35fe2125, org.springframework.boot.test.autoconfigure.restdocs.RestDocsTestExecutionListener@94f6bfb, org.springframework.boot.test.autoconfigure.web.client.MockRestServiceServerResetTestExecutionListener@34645867, org.springframework.boot.test.autoconfigure.web.servlet.MockMvcPrintOnlyOnFailureTestExecutionListener@2484f433, org.springframework.boot.test.autoconfigure.web.servlet.WebDriverTestExecutionListener@60b71e8f, org.springframework.boot.test.autoconfigure.webservices.client.MockWebServiceServerTestExecutionListener@1255b1d1, org.springframework.boot.test.mock.mockito.ResetMocksTestExecutionListener@464649c]
04:36:26.908 [Test worker] DEBUG org.springframework.test.context.support.AbstractDirtiesContextTestExecutionListener - Before test class: context [DefaultTestContext@224b4d61 testClass = ControllerTests, testInstance = [null], testMethod = [null], testException = [null], mergedContextConfiguration = [WebMergedContextConfiguration@5d5d9e5 testClass = ControllerTests, locations = '{}', classes = '{class com.eteration.simplebanking.DemoApplication}', contextInitializerClasses = '[]', activeProfiles = '{}', propertySourceLocations = '{}', propertySourceProperties = '{org.springframework.boot.test.context.SpringBootTestContextBootstrapper=true}', contextCustomizers = set[org.springframework.boot.test.autoconfigure.actuate.metrics.MetricsExportContextCustomizerFactory$DisableMetricExportContextCustomizer@71529963, org.springframework.boot.test.autoconfigure.properties.PropertyMappingContextCustomizer@4b3fa0b3, org.springframework.boot.test.autoconfigure.web.servlet.WebDriverContextCustomizerFactory$Customizer@4612b856, [ImportsContextCustomizer@303e3593 key = [org.springframework.boot.test.autoconfigure.web.servlet.MockMvcAutoConfiguration, org.springframework.boot.test.autoconfigure.web.servlet.MockMvcWebClientAutoConfiguration, org.springframework.boot.test.autoconfigure.web.servlet.MockMvcWebDriverAutoConfiguration, org.springframework.boot.autoconfigure.security.oauth2.client.servlet.OAuth2ClientAutoConfiguration, org.springframework.boot.autoconfigure.security.oauth2.resource.servlet.OAuth2ResourceServerAutoConfiguration, org.springframework.boot.autoconfigure.security.servlet.SecurityAutoConfiguration, org.springframework.boot.autoconfigure.security.servlet.SecurityFilterAutoConfiguration, org.springframework.boot.autoconfigure.security.servlet.UserDetailsServiceAutoConfiguration, org.springframework.boot.test.autoconfigure.web.servlet.MockMvcSecurityConfiguration]], org.springframework.boot.test.context.filter.ExcludeFilterContextCustomizer@35f26e72, org.springframework.boot.test.json.DuplicateJsonObjectContextCustomizerFactory$DuplicateJsonObjectContextCustomizer@49c6c24f, org.springframework.boot.test.mock.mockito.MockitoContextCustomizer@0, org.springframework.boot.test.web.client.TestRestTemplateContextCustomizer@758705fa, org.springframework.boot.test.context.SpringBootTestArgs@1, org.springframework.boot.test.context.SpringBootTestWebEnvironment@3d6f0054], resourceBasePath = 'src/main/webapp', contextLoader = 'org.springframework.boot.test.context.SpringBootContextLoader', parent = [null]], attributes = map['org.springframework.test.context.web.ServletTestExecutionListener.activateListener' -> true]], class annotated with @DirtiesContext [false] with mode [null].
04:36:27.030 [Test worker] DEBUG org.springframework.test.context.support.TestPropertySourceUtils - Adding inlined properties to environment: {spring.jmx.enabled=false, org.springframework.boot.test.context.SpringBootTestContextBootstrapper=true}

  .   ____          _            __ _ _
 /\\ / ___'_ __ _ _(_)_ __  __ _ \ \ \ \
( ( )\___ | '_ | '_| | '_ \/ _` | \ \ \ \
 \\/  ___)| |_)| | | | | || (_| |  ) ) ) )
  '  |____| .__|_| |_|_| |_\__, | / / / /
 =========|_|==============|___/=/_/_/_/
 :: Spring Boot ::                (v2.5.6)

2023-09-25 04:36:28.108  INFO 4272 --- [    Test worker] c.e.simplebanking.ControllerTests        : Starting ControllerTests using Java 17.0.7 on DESKTOP-GI52CMO with PID 4272 (started by Oguz Algan in C:\Users\Oguz Algan\Downloads\simplebanking)
2023-09-25 04:36:28.112  INFO 4272 --- [    Test worker] c.e.simplebanking.ControllerTests        : The following profiles are active: localhost
2023-09-25 04:36:31.002  INFO 4272 --- [    Test worker] .s.d.r.c.RepositoryConfigurationDelegate : Bootstrapping Spring Data JPA repositories in DEFAULT mode.
2023-09-25 04:36:31.204  INFO 4272 --- [    Test worker] .s.d.r.c.RepositoryConfigurationDelegate : Finished Spring Data repository scanning in 169 ms. Found 1 JPA repository interfaces.
2023-09-25 04:36:33.381  INFO 4272 --- [    Test worker] o.hibernate.jpa.internal.util.LogHelper  : HHH000204: Processing PersistenceUnitInfo [name: default]
2023-09-25 04:36:33.629  INFO 4272 --- [    Test worker] org.hibernate.Version                    : HHH000412: Hibernate ORM core version 5.4.32.Final
2023-09-25 04:36:34.192  INFO 4272 --- [    Test worker] o.hibernate.annotations.common.Version   : HCANN000001: Hibernate Commons Annotations {5.1.2.Final}
2023-09-25 04:36:34.619  INFO 4272 --- [    Test worker] com.zaxxer.hikari.HikariDataSource       : HikariPool-1 - Starting...
2023-09-25 04:36:35.326  INFO 4272 --- [    Test worker] com.zaxxer.hikari.HikariDataSource       : HikariPool-1 - Start completed.
2023-09-25 04:36:35.422  INFO 4272 --- [    Test worker] org.hibernate.dialect.Dialect            : HHH000400: Using dialect: org.hibernate.dialect.PostgreSQLDialect
Hibernate: drop table if exists account cascade
2023-09-25 04:36:37.968  WARN 4272 --- [    Test worker] o.h.engine.jdbc.spi.SqlExceptionHelper   : SQL Warning Code: 0, SQLState: 00000
2023-09-25 04:36:37.969  WARN 4272 --- [    Test worker] o.h.engine.jdbc.spi.SqlExceptionHelper   : table "account" does not exist, skipping
Hibernate: drop table if exists transaction cascade
2023-09-25 04:36:37.970  WARN 4272 --- [    Test worker] o.h.engine.jdbc.spi.SqlExceptionHelper   : SQL Warning Code: 0, SQLState: 00000
2023-09-25 04:36:37.971  WARN 4272 --- [    Test worker] o.h.engine.jdbc.spi.SqlExceptionHelper   : table "transaction" does not exist, skipping
Hibernate: create table account (account_number  serial not null, balance float8, owner varchar(255), primary key (account_number))
Hibernate: create table transaction (dtype varchar(31) not null, approval_code uuid not null, account_number varchar(255), amount float8, date timestamp, type varchar(255), payee varchar(255), phone_number varchar(255), primary key (approval_code))
2023-09-25 04:36:38.082  INFO 4272 --- [    Test worker] o.h.e.t.j.p.i.JtaPlatformInitiator       : HHH000490: Using JtaPlatform implementation: [org.hibernate.engine.transaction.jta.platform.internal.NoJtaPlatform]
2023-09-25 04:36:38.113  INFO 4272 --- [    Test worker] j.LocalContainerEntityManagerFactoryBean : Initialized JPA EntityManagerFactory for persistence unit 'default'
2023-09-25 04:36:40.487  WARN 4272 --- [    Test worker] JpaBaseConfiguration$JpaWebConfiguration : spring.jpa.open-in-view is enabled by default. Therefore, database queries may be performed during view rendering. Explicitly configure spring.jpa.open-in-view to disable this warning
2023-09-25 04:36:41.750  INFO 4272 --- [    Test worker] pertySourcedRequestMappingHandlerMapping : Mapped URL path [/v2/api-docs] onto method [springfox.documentation.swagger2.web.Swagger2Controller#getDocumentation(String, HttpServletRequest)]
2023-09-25 04:36:44.183  INFO 4272 --- [    Test worker] o.s.b.t.m.w.SpringBootMockServletContext : Initializing Spring TestDispatcherServlet ''
2023-09-25 04:36:44.183  INFO 4272 --- [    Test worker] o.s.t.web.servlet.TestDispatcherServlet  : Initializing Servlet ''
2023-09-25 04:36:44.187  INFO 4272 --- [    Test worker] o.s.t.web.servlet.TestDispatcherServlet  : Completed initialization in 3 ms
2023-09-25 04:36:44.230  INFO 4272 --- [    Test worker] d.s.w.p.DocumentationPluginsBootstrapper : Context refreshed
2023-09-25 04:36:44.320  INFO 4272 --- [    Test worker] d.s.w.p.DocumentationPluginsBootstrapper : Found 1 custom documentation plugin(s)
2023-09-25 04:36:44.431  INFO 4272 --- [    Test worker] s.d.s.w.s.ApiListingReferenceScanner     : Scanning for api listing references
2023-09-25 04:36:45.055  INFO 4272 --- [    Test worker] c.e.simplebanking.ControllerTests        : Started ControllerTests in 17.997 seconds (JVM running for 22.317)
]]></system-out>
  <system-err><![CDATA[]]></system-err>
</testsuite>
